<?xml version="1.0" encoding="UTF-8"?>
<!-- Generated by org.testng.reporters.JUnitReportReporter -->
<testsuite hostname="LAPTOP-HUJ2R09J" failures="0" tests="2" name="Quinnox.Tests.SubmitOrderTest" time="24.398" errors="0" timestamp="2024-03-29T17:22:21 IST" skipped="0">
  <testcase classname="Quinnox.Tests.SubmitOrderTest" name="submitOrder" time="18.342"/>
  <system-out/>
  <testcase classname="Quinnox.Tests.SubmitOrderTest" name="submitOrder" time="6.056"/>
  <system-out/>
</testsuite> <!-- Quinnox.Tests.SubmitOrderTest -->
