<?xml version="1.0" encoding="UTF-8"?>
<!-- Generated by org.testng.reporters.JUnitReportReporter -->
<testsuite hostname="LAPTOP-HUJ2R09J" failures="0" tests="1" name="Quinnox.Tests.UploadDownloadFile" time="5.084" errors="0" timestamp="2024-05-05T14:43:15 IST" skipped="0">
  <testcase classname="Quinnox.Tests.UploadDownloadFile" name="upLoad" time="5.084"/>
  <system-out/>
</testsuite> <!-- Quinnox.Tests.UploadDownloadFile -->
