<?xml version="1.0" encoding="UTF-8"?>
<!-- Generated by org.testng.reporters.JUnitReportReporter -->
<testsuite hostname="LAPTOP-HUJ2R09J" failures="0" tests="2" name="Quinnox.Tests.ErrorMessageValidationTest" time="19.975" errors="0" timestamp="2024-03-28T11:52:51 IST" skipped="0">
  <testcase classname="Quinnox.Tests.ErrorMessageValidationTest" name="loginErroMessageValidations" time="2.273"/>
  <system-out/>
  <testcase classname="Quinnox.Tests.ErrorMessageValidationTest" name="productErrorValidation" time="17.702"/>
  <system-out/>
</testsuite> <!-- Quinnox.Tests.ErrorMessageValidationTest -->
