<?xml version="1.0" encoding="UTF-8"?>
<!-- Generated by org.testng.reporters.JUnitReportReporter -->
<testsuite hostname="LAPTOP-HUJ2R09J" failures="0" tests="1" name="Quinnox.Tests.ErrorMessageValidation" time="5.046" errors="0" timestamp="2024-03-27T17:18:57 IST" skipped="0">
  <testcase classname="Quinnox.Tests.ErrorMessageValidation" name="erroMessageValidations" time="5.046"/>
  <system-out/>
</testsuite> <!-- Quinnox.Tests.ErrorMessageValidation -->
