<?xml version="1.0" encoding="UTF-8"?>
<!-- Generated by org.testng.reporters.JUnitReportReporter -->
<testsuite hostname="LAPTOP-HUJ2R09J" failures="0" tests="1" name="Quinnox.Tests.RestASS" time="1.546" errors="0" timestamp="2024-04-05T20:53:48 IST" skipped="0">
  <testcase classname="Quinnox.Tests.RestASS" name="rset" time="1.546"/>
  <system-out/>
</testsuite> <!-- Quinnox.Tests.RestASS -->
